<?xml version="1.0" encoding="UTF-8"?>
<!-- Generated by org.testng.reporters.JUnitReportReporter -->
<testsuite hostname="Mukesh_Jhorar" failures="0" tests="3" name="testCases.LoginTC" time="31.544" errors="0" timestamp="2022-06-28T08:11:09 IST" skipped="0">
  <testcase classname="testCases.LoginTC" name="login" time="17.423"/>
  <system-out/>
  <testcase classname="testCases.LoginTC" name="logout" time="2.327"/>
  <system-out/>
  <testcase classname="testCases.LoginTC" name="popupHandle" time="11.794"/>
  <system-out/>
</testsuite> <!-- testCases.LoginTC -->
