<?xml version="1.0" encoding="UTF-8"?>
<!-- Generated by org.testng.reporters.JUnitReportReporter -->
<testsuite hostname="Mukesh_Jhorar" failures="0" tests="1" name="testCases.DropDownTC" time="11.475" errors="0" timestamp="2022-06-27T18:03:43 IST" skipped="0">
  <testcase classname="testCases.DropDownTC" name="handleDropDown" time="11.475"/>
  <system-out/>
</testsuite> <!-- testCases.DropDownTC -->
