<?xml version="1.0" encoding="UTF-8"?>
<!-- Generated by org.testng.reporters.JUnitReportReporter -->
<testsuite hostname="Mukesh_Jhorar" failures="0" tests="3" name="testCases.DropDownRadioButtonCheckBoxTC" time="17.323" errors="0" timestamp="2022-06-28T08:11:09 IST" skipped="0">
  <testcase classname="testCases.DropDownRadioButtonCheckBoxTC" name="handleDropDown" time="16.282"/>
  <system-out/>
  <testcase classname="testCases.DropDownRadioButtonCheckBoxTC" name="handleRadioButton" time="0.392"/>
  <system-out/>
  <testcase classname="testCases.DropDownRadioButtonCheckBoxTC" name="selectCheckBox" time="0.649"/>
  <system-out/>
</testsuite> <!-- testCases.DropDownRadioButtonCheckBoxTC -->
