<?xml version="1.0" encoding="UTF-8"?>
<!-- Generated by org.testng.reporters.JUnitReportReporter -->
<testsuite hostname="Mukesh_Jhorar" failures="0" tests="1" name="testCases.ModalPopupTC" time="7.269" errors="0" timestamp="2022-06-27T11:03:51 IST" skipped="0">
  <testcase classname="testCases.ModalPopupTC" name="popupHandle" time="7.269"/>
  <system-out/>
</testsuite> <!-- testCases.ModalPopupTC -->
