<?xml version="1.0" encoding="UTF-8"?>
<!-- Generated by org.testng.reporters.JUnitReportReporter -->
<testsuite hostname="Mukesh_Jhorar" failures="0" tests="1" name="rough_work.LogoutTC" time="1.729" errors="0" timestamp="2022-06-27T09:37:50 IST" skipped="0">
  <testcase classname="rough_work.LogoutTC" name="logout" time="1.729"/>
  <system-out/>
</testsuite> <!-- rough_work.LogoutTC -->
