<?xml version="1.0" encoding="UTF-8"?>
<!-- Generated by org.testng.reporters.JUnitReportReporter -->
<testsuite hostname="Mukesh_Jhorar" failures="0" tests="1" name="testCases.LogoutTC" time="1.783" errors="0" timestamp="2022-06-27T11:03:51 IST" skipped="0">
  <testcase classname="testCases.LogoutTC" name="logout" time="1.783"/>
  <system-out/>
</testsuite> <!-- testCases.LogoutTC -->
