<?xml version="1.0" encoding="UTF-8"?>
<!-- Generated by org.testng.reporters.JUnitReportReporter -->
<testsuite hostname="Mukesh_Jhorar" failures="0" tests="1" name="rough_work.ExtentReport" time="12.912" errors="0" timestamp="2022-06-27T09:19:10 IST" skipped="0">
  <testcase classname="rough_work.ExtentReport" name="login" time="12.912"/>
  <system-out/>
</testsuite> <!-- rough_work.ExtentReport -->
