<?xml version="1.0" encoding="UTF-8"?>
<!-- Generated by org.testng.reporters.JUnitReportReporter -->
<testsuite hostname="Mukesh_Jhorar" failures="0" tests="2" name="testCases.DropDownTCAndRadioButton" time="8.997" errors="0" timestamp="2022-06-27T18:40:22 IST" skipped="0">
  <testcase classname="testCases.DropDownTCAndRadioButton" name="handleDropDown" time="8.457"/>
  <system-out/>
  <testcase classname="testCases.DropDownTCAndRadioButton" name="handleRadioButton" time="0.540"/>
  <system-out/>
</testsuite> <!-- testCases.DropDownTCAndRadioButton -->
