<?xml version="1.0" encoding="UTF-8"?>
<!-- Generated by org.testng.reporters.JUnitReportReporter -->
<testsuite hostname="Mukesh_Jhorar" failures="0" tests="1" name="rough_work.LoginTC" time="12.602" errors="0" timestamp="2022-06-27T09:37:50 IST" skipped="0">
  <testcase classname="rough_work.LoginTC" name="login" time="12.602"/>
  <system-out/>
</testsuite> <!-- rough_work.LoginTC -->
